\BOOKMARK [1][-]{section.1}{Introduction}{}% 1
\BOOKMARK [1][-]{section.2}{Background}{}% 2
\BOOKMARK [2][-]{subsection.2.1}{Big Data Architectures: State of the art}{section.2}% 3
\BOOKMARK [2][-]{subsection.2.2}{Why reference architecture?}{section.2}% 4
\BOOKMARK [1][-]{section.3}{Research Methodology}{}% 5
\BOOKMARK [2][-]{subsection.3.1}{Requirement Specification}{section.3}% 6
\BOOKMARK [3][-]{subsubsection.3.1.1}{Type of requirements}{subsection.3.1}% 7
\BOOKMARK [3][-]{subsubsection.3.1.2}{Categorizing requirements}{subsection.3.1}% 8
\BOOKMARK [3][-]{subsubsection.3.1.3}{Present requirements}{subsection.3.1}% 9
\BOOKMARK [2][-]{subsection.3.2}{The artifact development methodology}{section.3}% 10
\BOOKMARK [2][-]{subsection.3.3}{Step1: Decision on type of the RA}{section.3}% 11
\BOOKMARK [2][-]{subsection.3.4}{Step2: Selection of Design Strategy}{section.3}% 12
\BOOKMARK [2][-]{subsection.3.5}{Step 3: Empirical Acquisition of Data }{section.3}% 13
\BOOKMARK [3][-]{subsubsection.3.5.1}{Identification of data sources}{subsection.3.5}% 14
\BOOKMARK [3][-]{subsubsection.3.5.2}{Data Synthesis}{subsection.3.5}% 15
\BOOKMARK [2][-]{subsection.3.6}{Construction of the RA}{section.3}% 16
\BOOKMARK [2][-]{subsection.3.7}{Enabling RA with variability}{section.3}% 17
\BOOKMARK [2][-]{subsection.3.8}{Evaluation of the RA}{section.3}% 18
\BOOKMARK [1][-]{section.4}{Why Cybermycelium?}{}% 19
\BOOKMARK [2][-]{subsection.4.1}{A need for a paradigm shift}{section.4}% 20
\BOOKMARK [1][-]{section.5}{Cybermycelium: A Domain Driven Distributed Reference Architecture for Big Data Systems}{}% 21
\BOOKMARK [2][-]{subsection.5.1}{The Theory}{section.5}% 22
\BOOKMARK [3][-]{subsubsection.5.1.1}{A paradigm shift: distributed domain driven architecture}{subsection.5.1}% 23
\BOOKMARK [3][-]{subsubsection.5.1.2}{Distributed Domain driven services with bounded context}{subsection.5.1}% 24
\BOOKMARK [3][-]{subsubsection.5.1.3}{Data as a service:}{subsection.5.1}% 25
\BOOKMARK [3][-]{subsubsection.5.1.4}{Data infrastructure automation}{subsection.5.1}% 26
\BOOKMARK [3][-]{subsubsection.5.1.5}{Governance through a federation service}{subsection.5.1}% 27
\BOOKMARK [3][-]{subsubsection.5.1.6}{Event driven services}{subsection.5.1}% 28
\BOOKMARK [2][-]{subsection.5.2}{The Artefact:}{section.5}% 29
\BOOKMARK [1][-]{section.6}{Evaluation:}{}% 30
\BOOKMARK [2][-]{subsection.6.1}{Phase 1:}{section.6}% 31
\BOOKMARK [2][-]{subsection.6.2}{Phase 2:}{section.6}% 32
\BOOKMARK [3][-]{subsubsection.6.2.1}{Identifying Architectural Approaches:}{subsection.6.2}% 33
\BOOKMARK [3][-]{subsubsection.6.2.2}{Scenario Prioritisation:}{subsection.6.2}% 34
\BOOKMARK [2][-]{subsection.6.3}{Utility Tree Elicitation:}{section.6}% 35
\BOOKMARK [3][-]{subsubsection.6.3.1}{Analyze Architectural Approaches:}{subsection.6.3}% 36
\BOOKMARK [3][-]{subsubsection.6.3.2}{Performance:}{subsection.6.3}% 37
\BOOKMARK [3][-]{subsubsection.6.3.3}{Availablity:}{subsection.6.3}% 38
\BOOKMARK [3][-]{subsubsection.6.3.4}{Modifiability:}{subsection.6.3}% 39
\BOOKMARK [2][-]{subsection.6.4}{Tradeoff Points:}{section.6}% 40
\BOOKMARK [1][-]{section.7}{Limitation and future research}{}% 41
\BOOKMARK [1][-]{section.8}{Comments to address}{}% 42
\BOOKMARK [1][-]{section.9}{Conclusion}{}% 43
\BOOKMARK [1][-]{appendix.A}{Studies included in the systematic literature review}{}% 44
